<?xml version="1.0" encoding="UTF-8"?>
<testsuite name="com.bridgelabz.testlinkedlist.MyNodeTest" tests="1" skipped="0" failures="0" errors="0" timestamp="2021-06-05T08:59:58" hostname="MD-CJDKE06555KH" time="0.007">
  <properties/>
  <testcase name="given3Numbers_WhenCreateToLinkedList_ShouldPassTest" classname="com.bridgelabz.testlinkedlist.MyNodeTest" time="0.007"/>
  <system-out><![CDATA[]]></system-out>
  <system-err><![CDATA[]]></system-err>
</testsuite>
